07/28/2023 04:04:43 PM - FangatePage - INFO: Element Found Locator ://form[@id='devlock']//input[@type='password']LocatorType :xpath
07/28/2023 04:04:43 PM - FangatePage - INFO: Send Keys Successfully Locator ://form[@id='devlock']//input[@type='password']LocatorType :xpath
07/28/2023 04:04:43 PM - FangatePage - INFO: Element Found Locator ://div[@class='form-group']//button[@type='submit']LocatorType :xpath
07/28/2023 04:04:52 PM - FangatePage - INFO: Clicked on the Element Locator ://div[@class='form-group']//button[@type='submit']LocatorType :xpath
07/28/2023 04:04:56 PM - LoginPage - INFO: Waiting for maximum :: 50 :: seconds for element to be clickable
07/28/2023 04:04:56 PM - LoginPage - INFO: Element appeared on the web page
07/28/2023 04:04:56 PM - LoginPage - INFO: Element Found Locator :LoginLocatorType :link
07/28/2023 04:04:58 PM - LoginPage - INFO: Clicked on the Element Locator :LoginLocatorType :link
07/28/2023 04:04:58 PM - LoginPage - INFO: Element Found Locator :login_emailLocatorType :id
07/28/2023 04:04:58 PM - LoginPage - INFO: Element Found Locator :login_passwordLocatorType :id
07/28/2023 04:04:58 PM - LoginPage - INFO: Element Found Locator :login_emailLocatorType :id
07/28/2023 04:04:58 PM - LoginPage - INFO: Send Keys Successfully Locator :login_emailLocatorType :id
07/28/2023 04:04:58 PM - LoginPage - INFO: Element Found Locator :login_passwordLocatorType :id
07/28/2023 04:04:58 PM - LoginPage - INFO: Send Keys Successfully Locator :login_passwordLocatorType :id
07/28/2023 04:04:58 PM - LoginPage - INFO: Element Found Locator :login_buttonLocatorType :id
07/28/2023 04:05:04 PM - LoginPage - INFO: Clicked on the Element Locator :login_buttonLocatorType :id
07/28/2023 04:05:06 PM - FangatePage - INFO: Waiting for maximum :: 20 :: seconds for element to be clickable
07/28/2023 04:05:06 PM - FangatePage - INFO: Element appeared on the web page
07/28/2023 04:05:06 PM - FangatePage - INFO: Element Found Locator :Share MusicLocatorType :link
07/28/2023 04:05:07 PM - FangatePage - INFO: Clicked on the Element Locator :Share MusicLocatorType :link
07/28/2023 04:05:08 PM - FangatePage - INFO: Element Found Locator ://a[@href='https://dev2.hypeddit.com/gate/create']LocatorType :xpath
07/28/2023 04:05:14 PM - FangatePage - INFO: Clicked on the Element Locator ://a[@href='https://dev2.hypeddit.com/gate/create']LocatorType :xpath
07/28/2023 04:05:14 PM - FangatePage - INFO: Element Found Locator :track_urlLocatorType :id
07/28/2023 04:05:14 PM - FangatePage - INFO: Send Keys Successfully Locator :track_urlLocatorType :id
07/28/2023 04:05:15 PM - FangatePage - INFO: Element Found Locator :next_box_button_sourceLocatorType :id
07/28/2023 04:05:15 PM - FangatePage - INFO: Clicked on the Element Locator :next_box_button_sourceLocatorType :id
07/28/2023 04:05:15 PM - FangatePage - INFO: Waiting for maximum :: 20 :: seconds for element to be clickable
07/28/2023 04:05:17 PM - FangatePage - INFO: Element appeared on the web page
07/28/2023 04:05:17 PM - FangatePage - INFO: Element Found Locator ://button[@class='btn dropdown-toggle btn-default']//span[text()='Select genre']LocatorType :xpath
07/28/2023 04:05:17 PM - FangatePage - INFO: Clicked on the Element Locator ://button[@class='btn dropdown-toggle btn-default']//span[text()='Select genre']LocatorType :xpath
07/28/2023 04:05:17 PM - FangatePage - INFO: Waiting for maximum :: 20 :: seconds for element to be clickable
07/28/2023 04:05:18 PM - FangatePage - INFO: Element appeared on the web page
07/28/2023 04:05:18 PM - FangatePage - INFO: Element Found Locator ://ul[@class='dropdown-menu inner']//span[text()='Bass']LocatorType :xpath
07/28/2023 04:05:19 PM - FangatePage - INFO: Clicked on the Element Locator ://ul[@class='dropdown-menu inner']//span[text()='Bass']LocatorType :xpath
07/28/2023 04:05:19 PM - FangatePage - INFO: Waiting for maximum :: 20 :: seconds for element to be clickable
07/28/2023 04:05:19 PM - FangatePage - INFO: Element appeared on the web page
07/28/2023 04:05:19 PM - FangatePage - INFO: Element Found Locator :next_box_button_genreLocatorType :id
07/28/2023 04:05:19 PM - FangatePage - INFO: Clicked on the Element Locator :next_box_button_genreLocatorType :id
07/28/2023 04:05:21 PM - FangatePage - INFO: Element Found Locator :inputFilemp3LocatorType :id
07/28/2023 04:05:21 PM - FangatePage - INFO: Send Keys Successfully Locator :inputFilemp3LocatorType :id
07/28/2023 04:05:24 PM - FangatePage - INFO: Element Found Locator :next_box_button_uploadLocatorType :id
07/28/2023 04:05:25 PM - FangatePage - INFO: Clicked on the Element Locator :next_box_button_uploadLocatorType :id
07/28/2023 04:05:27 PM - FangatePage - INFO: Element Found Locator :artist_nameLocatorType :id
07/28/2023 04:05:27 PM - FangatePage - INFO: Send Keys Successfully Locator :artist_nameLocatorType :id
07/28/2023 04:05:28 PM - FangatePage - INFO: Element Found Locator :track_titleLocatorType :id
07/28/2023 04:05:28 PM - FangatePage - INFO: Send Keys Successfully Locator :track_titleLocatorType :id
07/28/2023 04:05:29 PM - FangatePage - INFO: Element Found Locator :next_box_button_titleLocatorType :id
07/28/2023 04:05:29 PM - FangatePage - INFO: Clicked on the Element Locator :next_box_button_titleLocatorType :id
07/28/2023 04:05:31 PM - FangatePage - INFO: Element Found Locator ://div[@class='checkbox']//label[@for='dark_theme']LocatorType :xpath
07/28/2023 04:05:31 PM - FangatePage - INFO: Clicked on the Element Locator ://div[@class='checkbox']//label[@for='dark_theme']LocatorType :xpath
07/28/2023 04:05:32 PM - FangatePage - INFO: Element Found Locator :next_box_button_designLocatorType :id
07/28/2023 04:05:32 PM - FangatePage - INFO: Clicked on the Element Locator :next_box_button_designLocatorType :id
07/28/2023 04:05:35 PM - FangatePage - INFO: Element Found Locator ://div[@class='checkbox']//label[@for='collect_email']LocatorType :xpath
07/28/2023 04:05:36 PM - FangatePage - INFO: Element Found Locator :collect_emailLocatorType :id
07/28/2023 04:05:36 PM - FangatePage - INFO: Element already Checked ://div[@class='checkbox']//label[@for='collect_email']LocatorType :xpath
07/28/2023 04:05:36 PM - FangatePage - INFO: Element Found Locator ://div[@class='checkbox']//label[@for='collect_email_names']LocatorType :xpath
07/28/2023 04:05:36 PM - FangatePage - INFO: Element Found Locator :collect_email_namesLocatorType :id
07/28/2023 04:05:36 PM - FangatePage - INFO: Element already Checked ://div[@class='checkbox']//label[@for='collect_email_names']LocatorType :xpath
07/28/2023 04:05:36 PM - FangatePage - INFO: Element Found Locator ://div[@class='checkbox']//label[@for='skippable_email']LocatorType :xpath
07/28/2023 04:05:36 PM - FangatePage - INFO: Element Found Locator :skippable_emailLocatorType :id
07/28/2023 04:05:36 PM - FangatePage - INFO: Clicked on the Element Locator ://div[@class='checkbox']//label[@for='skippable_email']LocatorType :xpath
07/28/2023 04:05:39 PM - FangatePage - INFO: Element Found Locator ://div[@class='checkbox']//label[@for='follow_sc']LocatorType :xpath
07/28/2023 04:05:39 PM - FangatePage - INFO: Element Found Locator :follow_scLocatorType :id
07/28/2023 04:05:39 PM - FangatePage - INFO: Element already Checked ://div[@class='checkbox']//label[@for='follow_sc']LocatorType :xpath
07/28/2023 04:05:39 PM - FangatePage - INFO: Element Found Locator ://div[@class='checkbox']//label[@for='comment_sc']LocatorType :xpath
07/28/2023 04:05:39 PM - FangatePage - INFO: Element Found Locator :comment_scLocatorType :id
07/28/2023 04:05:39 PM - FangatePage - INFO: Element already Checked ://div[@class='checkbox']//label[@for='comment_sc']LocatorType :xpath
07/28/2023 04:05:39 PM - FangatePage - INFO: Element Found Locator ://div[@class='checkbox']//label[@for='like_sc']LocatorType :xpath
07/28/2023 04:05:39 PM - FangatePage - INFO: Element Found Locator :like_scLocatorType :id
07/28/2023 04:05:39 PM - FangatePage - INFO: Element already Checked ://div[@class='checkbox']//label[@for='like_sc']LocatorType :xpath
07/28/2023 04:05:39 PM - FangatePage - INFO: Element Found Locator ://div[@class='checkbox']//label[@for='repost_sc']LocatorType :xpath
07/28/2023 04:05:39 PM - FangatePage - INFO: Element Found Locator :repost_scLocatorType :id
07/28/2023 04:05:39 PM - FangatePage - INFO: Element already Checked ://div[@class='checkbox']//label[@for='repost_sc']LocatorType :xpath
07/28/2023 04:05:39 PM - FangatePage - INFO: Element Found Locator ://div[@class='checkbox']//label[@for='skippable_sc']LocatorType :xpath
07/28/2023 04:05:39 PM - FangatePage - INFO: Element Found Locator :skippable_scLocatorType :id
07/28/2023 04:05:39 PM - FangatePage - INFO: Clicked on the Element Locator ://div[@class='checkbox']//label[@for='skippable_sc']LocatorType :xpath
07/28/2023 04:05:39 PM - FangatePage - INFO: Waiting for maximum :: 20 :: seconds for element to be clickable
07/28/2023 04:05:39 PM - FangatePage - INFO: Element appeared on the web page
07/28/2023 04:05:39 PM - FangatePage - INFO: Element Found Locator :soundcloud_profile_add_buttonLocatorType :id
07/28/2023 04:05:39 PM - FangatePage - INFO: Clicked on the Element Locator :soundcloud_profile_add_buttonLocatorType :id
07/28/2023 04:05:39 PM - FangatePage - INFO: Waiting for maximum :: 20 :: seconds for element to be clickable
07/28/2023 04:05:39 PM - FangatePage - INFO: Element appeared on the web page
07/28/2023 04:05:39 PM - FangatePage - INFO: Element Found Locator :add_soundcloud_artistLocatorType :id
07/28/2023 04:05:39 PM - FangatePage - INFO: Send Keys Successfully Locator :add_soundcloud_artistLocatorType :id
07/28/2023 04:05:41 PM - FangatePage - INFO: Element Found Locator ://div[@id='add_soundcloud_loader'][contains(@class,'select-loading hide')]LocatorType :xpath
07/28/2023 04:05:41 PM - FangatePage - INFO: Element Found Locator ://div[@id='add_soundcloud_loader'][contains(@class,'select-loading hide')]LocatorType :xpath
07/28/2023 04:05:41 PM - FangatePage - INFO: Element Found Locator ://li[@data-userid='173804369']LocatorType :xpath
07/28/2023 04:05:42 PM - FangatePage - INFO: Clicked on the Element Locator ://li[@data-userid='173804369']LocatorType :xpath
07/28/2023 04:05:45 PM - FangatePage - INFO: Element Found Locator :add_youtube_buttonLocatorType :id
07/28/2023 04:05:45 PM - FangatePage - INFO: Clicked on the Element Locator :add_youtube_buttonLocatorType :id
07/28/2023 04:05:48 PM - FangatePage - INFO: Element Found Locator ://div[@class='checkbox']//label[@for='subscribe_yt']LocatorType :xpath
07/28/2023 04:05:48 PM - FangatePage - INFO: Element Found Locator :subscribe_ytLocatorType :id
07/28/2023 04:05:49 PM - FangatePage - INFO: Clicked on the Element Locator ://div[@class='checkbox']//label[@for='subscribe_yt']LocatorType :xpath
07/28/2023 04:05:49 PM - FangatePage - INFO: Element Found Locator ://div[@class='checkbox']//label[@for='skippable_yt']LocatorType :xpath
07/28/2023 04:05:49 PM - FangatePage - INFO: Element Found Locator :skippable_ytLocatorType :id
07/28/2023 04:05:49 PM - FangatePage - INFO: Clicked on the Element Locator ://div[@class='checkbox']//label[@for='skippable_yt']LocatorType :xpath
07/28/2023 04:05:49 PM - FangatePage - INFO: Element Found Locator :add_youtube_channel_custom_urlLocatorType :id
07/28/2023 04:05:49 PM - FangatePage - INFO: Send Keys Successfully Locator :add_youtube_channel_custom_urlLocatorType :id
07/28/2023 04:05:49 PM - FangatePage - INFO: Element Found Locator :add_youtube_channel_custom_nameLocatorType :id
07/28/2023 04:05:49 PM - FangatePage - INFO: Send Keys Successfully Locator :add_youtube_channel_custom_nameLocatorType :id
07/28/2023 04:05:49 PM - FangatePage - INFO: Element Found Locator :youtube_profile_add_buttonLocatorType :id
07/28/2023 04:05:49 PM - FangatePage - INFO: Cannot clicked on the Element Locator :youtube_profile_add_buttonLocatorType :id
07/28/2023 04:05:52 PM - FangatePage - INFO: Element Found Locator :add_apple_buttonLocatorType :id
07/28/2023 04:05:53 PM - FangatePage - INFO: Clicked on the Element Locator :add_apple_buttonLocatorType :id
07/28/2023 04:05:55 PM - FangatePage - INFO: Element Found Locator :add_apple_buttonLocatorType :id
07/28/2023 04:05:55 PM - FangatePage - INFO: Clicked on the Element Locator :add_apple_buttonLocatorType :id
07/28/2023 04:05:55 PM - FangatePage - INFO: Element Found Locator ://div[@class='checkbox']//label[@for='like_ap']LocatorType :xpath
07/28/2023 04:05:55 PM - FangatePage - INFO: Element Found Locator :like_apLocatorType :id
07/28/2023 04:05:55 PM - FangatePage - INFO: Clicked on the Element Locator ://div[@class='checkbox']//label[@for='like_ap']LocatorType :xpath
07/28/2023 04:05:55 PM - FangatePage - INFO: Element Found Locator ://div[@class='checkbox']//label[@for='save_track_ap']LocatorType :xpath
07/28/2023 04:05:55 PM - FangatePage - INFO: Element Found Locator :save_track_apLocatorType :id
07/28/2023 04:05:56 PM - FangatePage - INFO: Clicked on the Element Locator ://div[@class='checkbox']//label[@for='save_track_ap']LocatorType :xpath
07/28/2023 04:05:56 PM - FangatePage - INFO: Element Found Locator ://div[@class='checkbox']//label[@for='skippable_ap']LocatorType :xpath
07/28/2023 04:05:56 PM - FangatePage - INFO: Element Found Locator :skippable_apLocatorType :id
07/28/2023 04:05:56 PM - FangatePage - INFO: Clicked on the Element Locator ://div[@class='checkbox']//label[@for='skippable_ap']LocatorType :xpath
07/28/2023 04:05:56 PM - FangatePage - INFO: Element Found Locator :add_apple_artistLocatorType :id
07/28/2023 04:05:56 PM - FangatePage - INFO: Send Keys Successfully Locator :add_apple_artistLocatorType :id
07/28/2023 04:05:59 PM - FangatePage - INFO: Element Found Locator :add_spotify_buttonLocatorType :id
07/28/2023 04:05:59 PM - FangatePage - INFO: Clicked on the Element Locator :add_spotify_buttonLocatorType :id
07/28/2023 04:05:59 PM - FangatePage - INFO: Element Found Locator ://div[@class='checkbox']//label[@for='follow_sp']LocatorType :xpath
07/28/2023 04:05:59 PM - FangatePage - INFO: Element Found Locator :follow_spLocatorType :id
07/28/2023 04:06:00 PM - FangatePage - INFO: Clicked on the Element Locator ://div[@class='checkbox']//label[@for='follow_sp']LocatorType :xpath
07/28/2023 04:06:00 PM - FangatePage - INFO: Element Found Locator ://div[@class='checkbox']//label[@for='save_track_sp']LocatorType :xpath
07/28/2023 04:06:00 PM - FangatePage - INFO: Element Found Locator :save_track_spLocatorType :id
07/28/2023 04:06:00 PM - FangatePage - INFO: Clicked on the Element Locator ://div[@class='checkbox']//label[@for='save_track_sp']LocatorType :xpath
07/28/2023 04:06:00 PM - FangatePage - INFO: Element Found Locator ://div[@class='checkbox']//label[@for='skippable_sp']LocatorType :xpath
07/28/2023 04:06:00 PM - FangatePage - INFO: Element Found Locator :skippable_spLocatorType :id
07/28/2023 04:06:00 PM - FangatePage - INFO: Clicked on the Element Locator ://div[@class='checkbox']//label[@for='skippable_sp']LocatorType :xpath
07/28/2023 04:06:00 PM - FangatePage - INFO: Waiting for maximum :: 20 :: seconds for element to be clickable
07/28/2023 04:06:20 PM - FangatePage - INFO: Element not appeared on the web page
07/28/2023 04:06:20 PM - FangatePage - INFO: Element Found Locator :add_spotify_artistLocatorType :id
07/28/2023 04:06:21 PM - FangatePage - INFO: Send Keys Successfully Locator :add_spotify_artistLocatorType :id
07/28/2023 04:06:23 PM - FangatePage - INFO: Element Found Locator ://div[@id='add_spotify_loader'][contains(@class,'select-loading hide')]LocatorType :xpath
07/28/2023 04:06:23 PM - FangatePage - INFO: Element Found Locator ://div[@id='add_spotify_loader'][contains(@class,'select-loading hide')]LocatorType :xpath
07/28/2023 04:06:23 PM - FangatePage - INFO: Element Found Locator ://li[@data-userid='1D8jzmybTOgH82MsFsCxKf']LocatorType :xpath
07/28/2023 04:06:24 PM - FangatePage - INFO: Clicked on the Element Locator ://li[@data-userid='1D8jzmybTOgH82MsFsCxKf']LocatorType :xpath
07/28/2023 04:06:24 PM - FangatePage - INFO: Element Found Locator :add_spotify_trackLocatorType :id
07/28/2023 04:06:24 PM - FangatePage - INFO: Send Keys Successfully Locator :add_spotify_trackLocatorType :id
07/28/2023 04:06:27 PM - FangatePage - INFO: Element Found Locator :add_deezer_buttonLocatorType :id
07/28/2023 04:06:27 PM - FangatePage - INFO: Clicked on the Element Locator :add_deezer_buttonLocatorType :id
07/28/2023 04:06:27 PM - FangatePage - INFO: Element Found Locator ://div[@class='checkbox']//label[@for='follow_dz']LocatorType :xpath
07/28/2023 04:06:27 PM - FangatePage - INFO: Element Found Locator :follow_dzLocatorType :id
07/28/2023 04:06:28 PM - FangatePage - INFO: Clicked on the Element Locator ://div[@class='checkbox']//label[@for='follow_dz']LocatorType :xpath
07/28/2023 04:06:28 PM - FangatePage - INFO: Element Found Locator ://div[@class='checkbox']//label[@for='save_track_dz']LocatorType :xpath
07/28/2023 04:06:28 PM - FangatePage - INFO: Element Found Locator :save_track_dzLocatorType :id
07/28/2023 04:06:28 PM - FangatePage - INFO: Clicked on the Element Locator ://div[@class='checkbox']//label[@for='save_track_dz']LocatorType :xpath
07/28/2023 04:06:28 PM - FangatePage - INFO: Element Found Locator ://div[@class='checkbox']//label[@for='skippable_dz']LocatorType :xpath
07/28/2023 04:06:28 PM - FangatePage - INFO: Element Found Locator :skippable_dzLocatorType :id
07/28/2023 04:06:28 PM - FangatePage - INFO: Clicked on the Element Locator ://div[@class='checkbox']//label[@for='skippable_dz']LocatorType :xpath
07/28/2023 04:06:28 PM - FangatePage - INFO: Waiting for maximum :: 20 :: seconds for element to be clickable
07/28/2023 04:06:28 PM - FangatePage - INFO: Element appeared on the web page
07/28/2023 04:06:28 PM - FangatePage - INFO: Element Found Locator :add_deezer_artistLocatorType :id
07/28/2023 04:06:28 PM - FangatePage - INFO: Send Keys Successfully Locator :add_deezer_artistLocatorType :id
07/28/2023 04:06:30 PM - FangatePage - INFO: Element Found Locator ://div[@id='add_deezer_loader'][contains(@class,'select-loading hide')]LocatorType :xpath
07/28/2023 04:06:30 PM - FangatePage - INFO: Element Found Locator ://div[@id='add_deezer_loader'][contains(@class,'select-loading hide')]LocatorType :xpath
07/28/2023 04:06:30 PM - FangatePage - INFO: Element Found Locator ://li[@data-userid='310646845']LocatorType :xpath
07/28/2023 04:06:31 PM - FangatePage - INFO: Clicked on the Element Locator ://li[@data-userid='310646845']LocatorType :xpath
07/28/2023 04:06:31 PM - FangatePage - INFO: Element Found Locator :add_deezer_trackLocatorType :id
07/28/2023 04:06:31 PM - FangatePage - INFO: Send Keys Successfully Locator :add_deezer_trackLocatorType :id
07/28/2023 04:06:34 PM - FangatePage - INFO: Element Found Locator :add_mixcloud_buttonLocatorType :id
07/28/2023 04:06:34 PM - FangatePage - INFO: Clicked on the Element Locator :add_mixcloud_buttonLocatorType :id
07/28/2023 04:06:34 PM - FangatePage - INFO: Element Found Locator ://div[@class='checkbox']//label[@for='follow_mc']LocatorType :xpath
07/28/2023 04:06:34 PM - FangatePage - INFO: Element Found Locator :follow_mcLocatorType :id
07/28/2023 04:06:34 PM - FangatePage - INFO: Clicked on the Element Locator ://div[@class='checkbox']//label[@for='follow_mc']LocatorType :xpath
07/28/2023 04:06:34 PM - FangatePage - INFO: Element Found Locator ://div[@class='checkbox']//label[@for='repost_mc']LocatorType :xpath
07/28/2023 04:06:34 PM - FangatePage - INFO: Element Found Locator :repost_mcLocatorType :id
07/28/2023 04:06:35 PM - FangatePage - INFO: Clicked on the Element Locator ://div[@class='checkbox']//label[@for='repost_mc']LocatorType :xpath
07/28/2023 04:06:35 PM - FangatePage - INFO: Element Found Locator ://div[@class='checkbox']//label[@for='like_mc']LocatorType :xpath
07/28/2023 04:06:35 PM - FangatePage - INFO: Element Found Locator :like_mcLocatorType :id
07/28/2023 04:06:35 PM - FangatePage - INFO: Clicked on the Element Locator ://div[@class='checkbox']//label[@for='like_mc']LocatorType :xpath
07/28/2023 04:06:35 PM - FangatePage - INFO: Element Found Locator ://div[@class='checkbox']//label[@for='skippable_mc']LocatorType :xpath
07/28/2023 04:06:35 PM - FangatePage - INFO: Element Found Locator :skippable_mcLocatorType :id
07/28/2023 04:06:35 PM - FangatePage - INFO: Clicked on the Element Locator ://div[@class='checkbox']//label[@for='skippable_mc']LocatorType :xpath
07/28/2023 04:06:35 PM - FangatePage - INFO: Waiting for maximum :: 20 :: seconds for element to be clickable
07/28/2023 04:06:35 PM - FangatePage - INFO: Element appeared on the web page
07/28/2023 04:06:35 PM - FangatePage - INFO: Element Found Locator :add_mixcloud_artistLocatorType :id
07/28/2023 04:06:35 PM - FangatePage - INFO: Send Keys Successfully Locator :add_mixcloud_artistLocatorType :id
07/28/2023 04:06:37 PM - FangatePage - INFO: Element Found Locator ://div[@id='add_mixcloud_loader'][contains(@class,'select-loading hide')]LocatorType :xpath
07/28/2023 04:06:37 PM - FangatePage - INFO: Element Found Locator ://div[@id='add_mixcloud_loader'][contains(@class,'select-loading hide')]LocatorType :xpath
07/28/2023 04:06:37 PM - FangatePage - INFO: Element Found Locator ://li[@data-userid='latae-korakoth']LocatorType :xpath
07/28/2023 04:06:38 PM - FangatePage - INFO: Clicked on the Element Locator ://li[@data-userid='latae-korakoth']LocatorType :xpath
07/28/2023 04:06:38 PM - FangatePage - INFO: Element Found Locator :add_mixcloud_trackLocatorType :id
07/28/2023 04:06:38 PM - FangatePage - INFO: Send Keys Successfully Locator :add_mixcloud_trackLocatorType :id
07/28/2023 04:06:41 PM - FangatePage - INFO: Element Found Locator :add_twitter_buttonLocatorType :id
07/28/2023 04:06:41 PM - FangatePage - INFO: Clicked on the Element Locator :add_twitter_buttonLocatorType :id
07/28/2023 04:06:41 PM - FangatePage - INFO: Element Found Locator ://div[@class='checkbox']//label[@for='follow_tw']LocatorType :xpath
07/28/2023 04:06:41 PM - FangatePage - INFO: Element Found Locator :follow_twLocatorType :id
07/28/2023 04:06:42 PM - FangatePage - INFO: Clicked on the Element Locator ://div[@class='checkbox']//label[@for='follow_tw']LocatorType :xpath
07/28/2023 04:06:42 PM - FangatePage - INFO: Element Found Locator ://div[@class='checkbox']//label[@for='share_tw']LocatorType :xpath
07/28/2023 04:06:42 PM - FangatePage - INFO: Element Found Locator :share_twLocatorType :id
07/28/2023 04:06:42 PM - FangatePage - INFO: Clicked on the Element Locator ://div[@class='checkbox']//label[@for='share_tw']LocatorType :xpath
07/28/2023 04:06:42 PM - FangatePage - INFO: Element Found Locator ://div[@class='checkbox']//label[@for='skippable_tw']LocatorType :xpath
07/28/2023 04:06:42 PM - FangatePage - INFO: Element Found Locator :skippable_twLocatorType :id
07/28/2023 04:06:42 PM - FangatePage - INFO: Clicked on the Element Locator ://div[@class='checkbox']//label[@for='skippable_tw']LocatorType :xpath
07/28/2023 04:06:42 PM - FangatePage - INFO: Element Found Locator :add_twitterLocatorType :id
07/28/2023 04:06:42 PM - FangatePage - INFO: Send Keys Successfully Locator :add_twitterLocatorType :id
07/28/2023 04:06:45 PM - FangatePage - INFO: Element Found Locator :add_twitch_buttonLocatorType :id
07/28/2023 04:06:45 PM - FangatePage - INFO: Clicked on the Element Locator :add_twitch_buttonLocatorType :id
07/28/2023 04:06:45 PM - FangatePage - INFO: Element Found Locator ://div[@class='checkbox']//label[@for='follow_th']LocatorType :xpath
07/28/2023 04:06:45 PM - FangatePage - INFO: Element Found Locator :follow_thLocatorType :id
07/28/2023 04:06:46 PM - FangatePage - INFO: Clicked on the Element Locator ://div[@class='checkbox']//label[@for='follow_th']LocatorType :xpath
07/28/2023 04:06:46 PM - FangatePage - INFO: Element Found Locator ://div[@class='checkbox']//label[@for='subscribe_th']LocatorType :xpath
07/28/2023 04:06:46 PM - FangatePage - INFO: Element Found Locator :subscribe_thLocatorType :id
07/28/2023 04:06:46 PM - FangatePage - INFO: Clicked on the Element Locator ://div[@class='checkbox']//label[@for='subscribe_th']LocatorType :xpath
07/28/2023 04:06:46 PM - FangatePage - INFO: Element Found Locator ://div[@class='checkbox']//label[@for='skippable_th']LocatorType :xpath
07/28/2023 04:06:46 PM - FangatePage - INFO: Element Found Locator :skippable_thLocatorType :id
07/28/2023 04:06:46 PM - FangatePage - INFO: Clicked on the Element Locator ://div[@class='checkbox']//label[@for='skippable_th']LocatorType :xpath
07/28/2023 04:06:46 PM - FangatePage - INFO: Element Found Locator :add_twitch_artistLocatorType :id
07/28/2023 04:06:46 PM - FangatePage - INFO: Send Keys Successfully Locator :add_twitch_artistLocatorType :id
07/28/2023 04:06:49 PM - FangatePage - INFO: Element Found Locator :add_facebook_msgr_buttonLocatorType :id
07/28/2023 04:06:50 PM - FangatePage - INFO: Clicked on the Element Locator :add_facebook_msgr_buttonLocatorType :id
07/28/2023 04:06:50 PM - FangatePage - INFO: Element Found Locator ://div[@class='checkbox']//label[@for='subscribe_fb_msgr']LocatorType :xpath
07/28/2023 04:06:50 PM - FangatePage - INFO: Element Found Locator :subscribe_fb_msgrLocatorType :id
07/28/2023 04:06:50 PM - FangatePage - INFO: Clicked on the Element Locator ://div[@class='checkbox']//label[@for='subscribe_fb_msgr']LocatorType :xpath
07/28/2023 04:06:50 PM - FangatePage - INFO: Element Found Locator ://div[@class='checkbox']//label[@for='skippable_fb_msgr']LocatorType :xpath
07/28/2023 04:06:50 PM - FangatePage - INFO: Element Found Locator :skippable_fb_msgrLocatorType :id
07/28/2023 04:06:50 PM - FangatePage - INFO: Clicked on the Element Locator ://div[@class='checkbox']//label[@for='skippable_fb_msgr']LocatorType :xpath
07/28/2023 04:06:52 PM - FangatePage - INFO: Element Found Locator ://button[@class='btn dropdown-toggle btn-default']//span[text()='No chatbot selected']LocatorType :xpath
07/28/2023 04:06:52 PM - FangatePage - INFO: Clicked on the Element Locator ://button[@class='btn dropdown-toggle btn-default']//span[text()='No chatbot selected']LocatorType :xpath
07/28/2023 04:06:55 PM - FangatePage - INFO: Element Found Locator ://div[@class='dropdown-menu open']//span[text()='ManyChat']LocatorType :xpath
07/28/2023 04:06:56 PM - FangatePage - INFO: Clicked on the Element Locator ://div[@class='dropdown-menu open']//span[text()='ManyChat']LocatorType :xpath
07/28/2023 04:06:56 PM - FangatePage - INFO: Element Found Locator :add_facebook_msgrLocatorType :id
07/28/2023 04:06:56 PM - FangatePage - INFO: Send Keys Successfully Locator :add_facebook_msgrLocatorType :id
07/28/2023 04:06:59 PM - FangatePage - INFO: Element Found Locator :add_instagram_buttonLocatorType :id
07/28/2023 04:06:59 PM - FangatePage - INFO: Clicked on the Element Locator :add_instagram_buttonLocatorType :id
07/28/2023 04:06:59 PM - FangatePage - INFO: Element Found Locator ://div[@class='checkbox']//label[@for='follow_ig']LocatorType :xpath
07/28/2023 04:06:59 PM - FangatePage - INFO: Element Found Locator :follow_igLocatorType :id
07/28/2023 04:06:59 PM - FangatePage - INFO: Clicked on the Element Locator ://div[@class='checkbox']//label[@for='follow_ig']LocatorType :xpath
07/28/2023 04:06:59 PM - FangatePage - INFO: Element Found Locator ://div[@class='checkbox']//label[@for='skippable_ig']LocatorType :xpath
07/28/2023 04:06:59 PM - FangatePage - INFO: Element Found Locator :skippable_igLocatorType :id
07/28/2023 04:07:00 PM - FangatePage - INFO: Clicked on the Element Locator ://div[@class='checkbox']//label[@for='skippable_ig']LocatorType :xpath
07/28/2023 04:07:00 PM - FangatePage - INFO: Element Found Locator :add_instagramLocatorType :id
07/28/2023 04:07:00 PM - FangatePage - INFO: Send Keys Successfully Locator :add_instagramLocatorType :id
07/28/2023 04:07:03 PM - FangatePage - INFO: Element Found Locator :add_tiktok_buttonLocatorType :id
07/28/2023 04:07:03 PM - FangatePage - INFO: Clicked on the Element Locator :add_tiktok_buttonLocatorType :id
07/28/2023 04:07:03 PM - FangatePage - INFO: Element Found Locator ://div[@class='checkbox']//label[@for='follow_tk']LocatorType :xpath
07/28/2023 04:07:03 PM - FangatePage - INFO: Element Found Locator :follow_tkLocatorType :id
07/28/2023 04:07:03 PM - FangatePage - INFO: Clicked on the Element Locator ://div[@class='checkbox']//label[@for='follow_tk']LocatorType :xpath
07/28/2023 04:07:03 PM - FangatePage - INFO: Element Found Locator ://div[@class='checkbox']//label[@for='skippable_tk']LocatorType :xpath
07/28/2023 04:07:03 PM - FangatePage - INFO: Element Found Locator :skippable_tkLocatorType :id
07/28/2023 04:07:04 PM - FangatePage - INFO: Clicked on the Element Locator ://div[@class='checkbox']//label[@for='skippable_tk']LocatorType :xpath
07/28/2023 04:07:04 PM - FangatePage - INFO: Element Found Locator :add_tiktokLocatorType :id
07/28/2023 04:07:04 PM - FangatePage - INFO: Send Keys Successfully Locator :add_tiktokLocatorType :id
07/28/2023 04:07:07 PM - FangatePage - INFO: Element Found Locator :add_bandcamp_buttonLocatorType :id
07/28/2023 04:07:07 PM - FangatePage - INFO: Clicked on the Element Locator :add_bandcamp_buttonLocatorType :id
07/28/2023 04:07:07 PM - FangatePage - INFO: Element Found Locator ://div[@class='checkbox']//label[@for='follow_bc']LocatorType :xpath
07/28/2023 04:07:07 PM - FangatePage - INFO: Element Found Locator :follow_bcLocatorType :id
07/28/2023 04:07:07 PM - FangatePage - INFO: Clicked on the Element Locator ://div[@class='checkbox']//label[@for='follow_bc']LocatorType :xpath
07/28/2023 04:07:07 PM - FangatePage - INFO: Element Found Locator ://div[@class='checkbox']//label[@for='skippable_bc']LocatorType :xpath
07/28/2023 04:07:07 PM - FangatePage - INFO: Element Found Locator :skippable_bcLocatorType :id
07/28/2023 04:07:08 PM - FangatePage - INFO: Clicked on the Element Locator ://div[@class='checkbox']//label[@for='skippable_bc']LocatorType :xpath
07/28/2023 04:07:08 PM - FangatePage - INFO: Element Found Locator :add_bandcampLocatorType :id
07/28/2023 04:07:08 PM - FangatePage - INFO: Send Keys Successfully Locator :add_bandcampLocatorType :id
07/28/2023 04:07:11 PM - FangatePage - INFO: Element Found Locator :add_facebook_buttonLocatorType :id
07/28/2023 04:07:11 PM - FangatePage - INFO: Clicked on the Element Locator :add_facebook_buttonLocatorType :id
07/28/2023 04:07:11 PM - FangatePage - INFO: Element Found Locator ://div[@class='checkbox']//label[@for='share_fb']LocatorType :xpath
07/28/2023 04:07:11 PM - FangatePage - INFO: Element Found Locator :share_fbLocatorType :id
07/28/2023 04:07:12 PM - FangatePage - INFO: Clicked on the Element Locator ://div[@class='checkbox']//label[@for='share_fb']LocatorType :xpath
07/28/2023 04:07:12 PM - FangatePage - INFO: Element Found Locator ://div[@class='checkbox']//label[@for='like_fb']LocatorType :xpath
07/28/2023 04:07:12 PM - FangatePage - INFO: Element Found Locator :like_fbLocatorType :id
07/28/2023 04:07:12 PM - FangatePage - INFO: Clicked on the Element Locator ://div[@class='checkbox']//label[@for='like_fb']LocatorType :xpath
07/28/2023 04:07:12 PM - FangatePage - INFO: Element Found Locator ://div[@class='checkbox']//label[@for='skippable_fb']LocatorType :xpath
07/28/2023 04:07:12 PM - FangatePage - INFO: Element Found Locator :skippable_fbLocatorType :id
07/28/2023 04:07:12 PM - FangatePage - INFO: Clicked on the Element Locator ://div[@class='checkbox']//label[@for='skippable_fb']LocatorType :xpath
07/28/2023 04:07:12 PM - FangatePage - INFO: Waiting for maximum :: 20 :: seconds for element to be clickable
07/28/2023 04:07:12 PM - FangatePage - INFO: Element appeared on the web page
07/28/2023 04:07:12 PM - FangatePage - INFO: Element Found Locator :add_facebookLocatorType :id
07/28/2023 04:07:12 PM - FangatePage - INFO: Send Keys Successfully Locator :add_facebookLocatorType :id
07/28/2023 04:07:12 PM - FangatePage - INFO: Waiting for maximum :: 20 :: seconds for element to be clickable
07/28/2023 04:07:13 PM - FangatePage - INFO: Element appeared on the web page
07/28/2023 04:07:13 PM - FangatePage - INFO: Element Found Locator ://ul[@id='facebook_artist_search']//li[@data-userid='904258603054194']LocatorType :xpath
07/28/2023 04:07:14 PM - FangatePage - INFO: Clicked on the Element Locator ://ul[@id='facebook_artist_search']//li[@data-userid='904258603054194']LocatorType :xpath
07/28/2023 04:07:17 PM - FangatePage - INFO: Element Found Locator :add_donation_buttonLocatorType :id
07/28/2023 04:07:18 PM - FangatePage - INFO: Clicked on the Element Locator :add_donation_buttonLocatorType :id
07/28/2023 04:07:18 PM - FangatePage - INFO: Element Found Locator :donation_idLocatorType :id
07/28/2023 04:07:18 PM - FangatePage - INFO: Send Keys Successfully Locator :donation_idLocatorType :id
07/28/2023 04:07:18 PM - FangatePage - INFO: Element Found Locator :next_box_button_gate-stepsLocatorType :id
07/28/2023 04:07:18 PM - FangatePage - INFO: Clicked on the Element Locator :next_box_button_gate-stepsLocatorType :id
07/28/2023 04:07:19 PM - FangatePage - INFO: Element Found Locator :next_box_button_gate-stepsLocatorType :id
07/28/2023 04:07:19 PM - FangatePage - INFO: Cannot clicked on the Element Locator :next_box_button_gate-stepsLocatorType :id
07/28/2023 04:07:21 PM - FangatePage - INFO: Waiting for maximum :: 20 :: seconds for element to be clickable
07/28/2023 04:07:21 PM - FangatePage - INFO: Element appeared on the web page
07/28/2023 04:07:21 PM - FangatePage - INFO: Element Found Locator :next_box_button_linkurlLocatorType :id
07/28/2023 04:07:21 PM - FangatePage - INFO: Cannot clicked on the Element Locator :next_box_button_linkurlLocatorType :id
07/28/2023 04:07:24 PM - FangatePage - INFO: Element Found Locator ://div[@class='checkbox']//label[@for='set_newrelease']LocatorType :xpath
07/28/2023 04:07:24 PM - FangatePage - INFO: Cannot clicked on the Element Locator ://div[@class='checkbox']//label[@for='set_newrelease']LocatorType :xpath
07/28/2023 04:07:25 PM - FangatePage - INFO: Element Found Locator :next_box_button_newreleaseLocatorType :id
07/28/2023 04:07:25 PM - FangatePage - INFO: Cannot clicked on the Element Locator :next_box_button_newreleaseLocatorType :id
07/28/2023 04:07:27 PM - FangatePage - INFO: Element Found Locator ://button[@class='btn dropdown-toggle btn-default']//span[text()='Please select music']LocatorType :xpath
07/28/2023 04:07:27 PM - FangatePage - INFO: Cannot clicked on the Element Locator ://button[@class='btn dropdown-toggle btn-default']//span[text()='Please select music']LocatorType :xpath
07/28/2023 04:07:28 PM - FangatePage - INFO: Element Found Locator ://div[@class='dropdown-menu open']//span[text()='Automatically email my newest download gate']LocatorType :xpath
07/28/2023 04:07:28 PM - FangatePage - INFO: Cannot clicked on the Element Locator ://div[@class='dropdown-menu open']//span[text()='Automatically email my newest download gate']LocatorType :xpath
07/28/2023 04:07:29 PM - FangatePage - INFO: Element Found Locator :next_box_button_email-promotionLocatorType :id
07/28/2023 04:07:29 PM - FangatePage - INFO: Cannot clicked on the Element Locator :next_box_button_email-promotionLocatorType :id
07/28/2023 04:07:29 PM - FangatePage - INFO: Element Found Locator :facebook_pixelLocatorType :id
07/28/2023 04:07:29 PM - FangatePage - INFO: Not Wirte to the Element Locator :facebook_pixelLocatorType :id
07/28/2023 04:07:30 PM - FangatePage - INFO: Element Found Locator :facebook_pixel_tokenLocatorType :id
07/28/2023 04:07:30 PM - FangatePage - INFO: Not Wirte to the Element Locator :facebook_pixel_tokenLocatorType :id
07/28/2023 04:07:45 PM - FangatePage - INFO: Element Found Locator :next_box_button_pixelLocatorType :id
07/28/2023 04:07:45 PM - FangatePage - INFO: Cannot clicked on the Element Locator :next_box_button_pixelLocatorType :id
07/28/2023 04:07:47 PM - FangatePage - INFO: Element Found Locator :next_box_button_confirmationLocatorType :id
07/28/2023 04:07:47 PM - FangatePage - INFO: Cannot clicked on the Element Locator :next_box_button_confirmationLocatorType :id
07/28/2023 04:24:28 PM - FangatePage - INFO: Element Found Locator ://form[@id='devlock']//input[@type='password']LocatorType :xpath
07/28/2023 04:24:28 PM - FangatePage - INFO: Send Keys Successfully Locator ://form[@id='devlock']//input[@type='password']LocatorType :xpath
07/28/2023 04:24:28 PM - FangatePage - INFO: Element Found Locator ://div[@class='form-group']//button[@type='submit']LocatorType :xpath
07/28/2023 04:24:37 PM - FangatePage - INFO: Clicked on the Element Locator ://div[@class='form-group']//button[@type='submit']LocatorType :xpath
07/28/2023 04:24:41 PM - LoginPage - INFO: Waiting for maximum :: 50 :: seconds for element to be clickable
07/28/2023 04:24:41 PM - LoginPage - INFO: Element appeared on the web page
07/28/2023 04:24:41 PM - LoginPage - INFO: Element Found Locator :LoginLocatorType :link
07/28/2023 04:24:42 PM - LoginPage - INFO: Clicked on the Element Locator :LoginLocatorType :link
07/28/2023 04:24:42 PM - LoginPage - INFO: Element Found Locator :login_emailLocatorType :id
07/28/2023 04:24:42 PM - LoginPage - INFO: Element Found Locator :login_passwordLocatorType :id
07/28/2023 04:24:42 PM - LoginPage - INFO: Element Found Locator :login_emailLocatorType :id
07/28/2023 04:24:42 PM - LoginPage - INFO: Send Keys Successfully Locator :login_emailLocatorType :id
07/28/2023 04:24:42 PM - LoginPage - INFO: Element Found Locator :login_passwordLocatorType :id
07/28/2023 04:24:42 PM - LoginPage - INFO: Send Keys Successfully Locator :login_passwordLocatorType :id
07/28/2023 04:24:42 PM - LoginPage - INFO: Element Found Locator :login_buttonLocatorType :id
07/28/2023 04:24:47 PM - LoginPage - INFO: Clicked on the Element Locator :login_buttonLocatorType :id
07/28/2023 04:24:49 PM - FangatePage - INFO: Waiting for maximum :: 20 :: seconds for element to be clickable
07/28/2023 04:24:49 PM - FangatePage - INFO: Element appeared on the web page
07/28/2023 04:24:49 PM - FangatePage - INFO: Element Found Locator :Share MusicLocatorType :link
07/28/2023 04:24:51 PM - FangatePage - INFO: Clicked on the Element Locator :Share MusicLocatorType :link
07/28/2023 04:24:52 PM - FangatePage - INFO: Element Found Locator ://a[@href='https://dev2.hypeddit.com/gate/create']LocatorType :xpath
07/28/2023 04:24:56 PM - FangatePage - INFO: Clicked on the Element Locator ://a[@href='https://dev2.hypeddit.com/gate/create']LocatorType :xpath
07/28/2023 04:24:56 PM - FangatePage - INFO: Element Found Locator :track_urlLocatorType :id
07/28/2023 04:24:56 PM - FangatePage - INFO: Send Keys Successfully Locator :track_urlLocatorType :id
07/28/2023 04:24:57 PM - FangatePage - INFO: Element Found Locator :next_box_button_sourceLocatorType :id
07/28/2023 04:24:58 PM - FangatePage - INFO: Clicked on the Element Locator :next_box_button_sourceLocatorType :id
07/28/2023 04:24:58 PM - FangatePage - INFO: Waiting for maximum :: 20 :: seconds for element to be clickable
07/28/2023 04:25:02 PM - FangatePage - INFO: Element appeared on the web page
07/28/2023 04:25:02 PM - FangatePage - INFO: Element Found Locator ://button[@class='btn dropdown-toggle btn-default']//span[text()='Select genre']LocatorType :xpath
07/28/2023 04:25:03 PM - FangatePage - INFO: Clicked on the Element Locator ://button[@class='btn dropdown-toggle btn-default']//span[text()='Select genre']LocatorType :xpath
07/28/2023 04:25:03 PM - FangatePage - INFO: Waiting for maximum :: 20 :: seconds for element to be clickable
07/28/2023 04:25:03 PM - FangatePage - INFO: Element appeared on the web page
07/28/2023 04:25:03 PM - FangatePage - INFO: Element Found Locator ://ul[@class='dropdown-menu inner']//span[text()='Bass']LocatorType :xpath
07/28/2023 04:25:03 PM - FangatePage - INFO: Clicked on the Element Locator ://ul[@class='dropdown-menu inner']//span[text()='Bass']LocatorType :xpath
07/28/2023 04:25:03 PM - FangatePage - INFO: Waiting for maximum :: 20 :: seconds for element to be clickable
07/28/2023 04:25:03 PM - FangatePage - INFO: Element appeared on the web page
07/28/2023 04:25:03 PM - FangatePage - INFO: Element Found Locator :next_box_button_genreLocatorType :id
07/28/2023 04:25:03 PM - FangatePage - INFO: Clicked on the Element Locator :next_box_button_genreLocatorType :id
07/28/2023 04:25:05 PM - FangatePage - INFO: Element Found Locator :inputFilemp3LocatorType :id
07/28/2023 04:25:06 PM - FangatePage - INFO: Send Keys Successfully Locator :inputFilemp3LocatorType :id
07/28/2023 04:25:09 PM - FangatePage - INFO: Element Found Locator :next_box_button_uploadLocatorType :id
07/28/2023 04:25:09 PM - FangatePage - INFO: Clicked on the Element Locator :next_box_button_uploadLocatorType :id
07/28/2023 04:25:11 PM - FangatePage - INFO: Element Found Locator :artist_nameLocatorType :id
07/28/2023 04:25:11 PM - FangatePage - INFO: Send Keys Successfully Locator :artist_nameLocatorType :id
07/28/2023 04:25:12 PM - FangatePage - INFO: Element Found Locator :track_titleLocatorType :id
07/28/2023 04:25:12 PM - FangatePage - INFO: Send Keys Successfully Locator :track_titleLocatorType :id
07/28/2023 04:25:13 PM - FangatePage - INFO: Element Found Locator :next_box_button_titleLocatorType :id
07/28/2023 04:25:13 PM - FangatePage - INFO: Clicked on the Element Locator :next_box_button_titleLocatorType :id
07/28/2023 04:25:15 PM - FangatePage - INFO: Element Found Locator ://div[@class='checkbox']//label[@for='dark_theme']LocatorType :xpath
07/28/2023 04:25:15 PM - FangatePage - INFO: Clicked on the Element Locator ://div[@class='checkbox']//label[@for='dark_theme']LocatorType :xpath
07/28/2023 04:25:16 PM - FangatePage - INFO: Element Found Locator :next_box_button_designLocatorType :id
07/28/2023 04:25:17 PM - FangatePage - INFO: Clicked on the Element Locator :next_box_button_designLocatorType :id
07/28/2023 04:25:20 PM - FangatePage - INFO: Element Found Locator ://div[@class='checkbox']//label[@for='collect_email']LocatorType :xpath
07/28/2023 04:25:20 PM - FangatePage - INFO: Element Found Locator :collect_emailLocatorType :id
07/28/2023 04:25:20 PM - FangatePage - INFO: Element already Checked ://div[@class='checkbox']//label[@for='collect_email']LocatorType :xpath
07/28/2023 04:25:20 PM - FangatePage - INFO: Element Found Locator ://div[@class='checkbox']//label[@for='collect_email_names']LocatorType :xpath
07/28/2023 04:25:20 PM - FangatePage - INFO: Element Found Locator :collect_email_namesLocatorType :id
07/28/2023 04:25:20 PM - FangatePage - INFO: Element already Checked ://div[@class='checkbox']//label[@for='collect_email_names']LocatorType :xpath
07/28/2023 04:25:20 PM - FangatePage - INFO: Element Found Locator ://div[@class='checkbox']//label[@for='skippable_email']LocatorType :xpath
07/28/2023 04:25:20 PM - FangatePage - INFO: Element Found Locator :skippable_emailLocatorType :id
07/28/2023 04:25:20 PM - FangatePage - INFO: Clicked on the Element Locator ://div[@class='checkbox']//label[@for='skippable_email']LocatorType :xpath
07/28/2023 04:25:23 PM - FangatePage - INFO: Element Found Locator ://div[@class='checkbox']//label[@for='follow_sc']LocatorType :xpath
07/28/2023 04:25:23 PM - FangatePage - INFO: Element Found Locator :follow_scLocatorType :id
07/28/2023 04:25:23 PM - FangatePage - INFO: Element already Checked ://div[@class='checkbox']//label[@for='follow_sc']LocatorType :xpath
07/28/2023 04:25:23 PM - FangatePage - INFO: Element Found Locator ://div[@class='checkbox']//label[@for='comment_sc']LocatorType :xpath
07/28/2023 04:25:23 PM - FangatePage - INFO: Element Found Locator :comment_scLocatorType :id
07/28/2023 04:25:23 PM - FangatePage - INFO: Element already Checked ://div[@class='checkbox']//label[@for='comment_sc']LocatorType :xpath
07/28/2023 04:25:23 PM - FangatePage - INFO: Element Found Locator ://div[@class='checkbox']//label[@for='like_sc']LocatorType :xpath
07/28/2023 04:25:23 PM - FangatePage - INFO: Element Found Locator :like_scLocatorType :id
07/28/2023 04:25:23 PM - FangatePage - INFO: Element already Checked ://div[@class='checkbox']//label[@for='like_sc']LocatorType :xpath
07/28/2023 04:25:23 PM - FangatePage - INFO: Element Found Locator ://div[@class='checkbox']//label[@for='repost_sc']LocatorType :xpath
07/28/2023 04:25:23 PM - FangatePage - INFO: Element Found Locator :repost_scLocatorType :id
07/28/2023 04:25:23 PM - FangatePage - INFO: Element already Checked ://div[@class='checkbox']//label[@for='repost_sc']LocatorType :xpath
07/28/2023 04:25:23 PM - FangatePage - INFO: Element Found Locator ://div[@class='checkbox']//label[@for='skippable_sc']LocatorType :xpath
07/28/2023 04:25:23 PM - FangatePage - INFO: Element Found Locator :skippable_scLocatorType :id
07/28/2023 04:25:23 PM - FangatePage - INFO: Clicked on the Element Locator ://div[@class='checkbox']//label[@for='skippable_sc']LocatorType :xpath
07/28/2023 04:25:23 PM - FangatePage - INFO: Waiting for maximum :: 20 :: seconds for element to be clickable
07/28/2023 04:25:23 PM - FangatePage - INFO: Element appeared on the web page
07/28/2023 04:25:23 PM - FangatePage - INFO: Element Found Locator :soundcloud_profile_add_buttonLocatorType :id
07/28/2023 04:25:23 PM - FangatePage - INFO: Clicked on the Element Locator :soundcloud_profile_add_buttonLocatorType :id
07/28/2023 04:25:23 PM - FangatePage - INFO: Waiting for maximum :: 20 :: seconds for element to be clickable
07/28/2023 04:25:24 PM - FangatePage - INFO: Element appeared on the web page
07/28/2023 04:25:24 PM - FangatePage - INFO: Element Found Locator :add_soundcloud_artistLocatorType :id
07/28/2023 04:25:24 PM - FangatePage - INFO: Send Keys Successfully Locator :add_soundcloud_artistLocatorType :id
07/28/2023 04:25:26 PM - FangatePage - INFO: Element Found Locator ://div[@id='add_soundcloud_loader'][contains(@class,'select-loading hide')]LocatorType :xpath
07/28/2023 04:25:26 PM - FangatePage - INFO: Element Found Locator ://div[@id='add_soundcloud_loader'][contains(@class,'select-loading hide')]LocatorType :xpath
07/28/2023 04:25:26 PM - FangatePage - INFO: Element Found Locator ://li[@data-userid='173804369']LocatorType :xpath
07/28/2023 04:25:27 PM - FangatePage - INFO: Clicked on the Element Locator ://li[@data-userid='173804369']LocatorType :xpath
07/28/2023 04:25:30 PM - FangatePage - INFO: Element Found Locator :add_youtube_buttonLocatorType :id
07/28/2023 04:25:30 PM - FangatePage - INFO: Clicked on the Element Locator :add_youtube_buttonLocatorType :id
07/28/2023 04:25:33 PM - FangatePage - INFO: Element Found Locator ://div[@class='checkbox']//label[@for='subscribe_yt']LocatorType :xpath
07/28/2023 04:25:33 PM - FangatePage - INFO: Element Found Locator :subscribe_ytLocatorType :id
07/28/2023 04:25:33 PM - FangatePage - INFO: Clicked on the Element Locator ://div[@class='checkbox']//label[@for='subscribe_yt']LocatorType :xpath
07/28/2023 04:25:33 PM - FangatePage - INFO: Element Found Locator ://div[@class='checkbox']//label[@for='skippable_yt']LocatorType :xpath
07/28/2023 04:25:33 PM - FangatePage - INFO: Element Found Locator :skippable_ytLocatorType :id
07/28/2023 04:25:33 PM - FangatePage - INFO: Clicked on the Element Locator ://div[@class='checkbox']//label[@for='skippable_yt']LocatorType :xpath
07/28/2023 04:25:33 PM - FangatePage - INFO: Element Found Locator :add_youtube_channel_custom_urlLocatorType :id
07/28/2023 04:25:33 PM - FangatePage - INFO: Send Keys Successfully Locator :add_youtube_channel_custom_urlLocatorType :id
07/28/2023 04:25:33 PM - FangatePage - INFO: Element Found Locator :add_youtube_channel_custom_nameLocatorType :id
07/28/2023 04:25:33 PM - FangatePage - INFO: Send Keys Successfully Locator :add_youtube_channel_custom_nameLocatorType :id
07/28/2023 04:25:33 PM - FangatePage - INFO: Element Found Locator :youtube_profile_add_buttonLocatorType :id
07/28/2023 04:25:33 PM - FangatePage - INFO: Cannot clicked on the Element Locator :youtube_profile_add_buttonLocatorType :id
07/28/2023 04:25:36 PM - FangatePage - INFO: Element Found Locator :add_apple_buttonLocatorType :id
07/28/2023 04:25:37 PM - FangatePage - INFO: Clicked on the Element Locator :add_apple_buttonLocatorType :id
07/28/2023 04:25:39 PM - FangatePage - INFO: Element Found Locator :add_apple_buttonLocatorType :id
07/28/2023 04:25:39 PM - FangatePage - INFO: Clicked on the Element Locator :add_apple_buttonLocatorType :id
07/28/2023 04:25:39 PM - FangatePage - INFO: Element Found Locator ://div[@class='checkbox']//label[@for='like_ap']LocatorType :xpath
07/28/2023 04:25:39 PM - FangatePage - INFO: Element Found Locator :like_apLocatorType :id
07/28/2023 04:25:40 PM - FangatePage - INFO: Clicked on the Element Locator ://div[@class='checkbox']//label[@for='like_ap']LocatorType :xpath
07/28/2023 04:25:40 PM - FangatePage - INFO: Element Found Locator ://div[@class='checkbox']//label[@for='save_track_ap']LocatorType :xpath
07/28/2023 04:25:40 PM - FangatePage - INFO: Element Found Locator :save_track_apLocatorType :id
07/28/2023 04:25:40 PM - FangatePage - INFO: Clicked on the Element Locator ://div[@class='checkbox']//label[@for='save_track_ap']LocatorType :xpath
07/28/2023 04:25:40 PM - FangatePage - INFO: Element Found Locator ://div[@class='checkbox']//label[@for='skippable_ap']LocatorType :xpath
07/28/2023 04:25:40 PM - FangatePage - INFO: Element Found Locator :skippable_apLocatorType :id
07/28/2023 04:25:40 PM - FangatePage - INFO: Clicked on the Element Locator ://div[@class='checkbox']//label[@for='skippable_ap']LocatorType :xpath
07/28/2023 04:25:40 PM - FangatePage - INFO: Element Found Locator :add_apple_artistLocatorType :id
07/28/2023 04:25:40 PM - FangatePage - INFO: Send Keys Successfully Locator :add_apple_artistLocatorType :id
07/28/2023 04:25:43 PM - FangatePage - INFO: Element Found Locator :add_spotify_buttonLocatorType :id
07/28/2023 04:25:44 PM - FangatePage - INFO: Clicked on the Element Locator :add_spotify_buttonLocatorType :id
07/28/2023 04:25:44 PM - FangatePage - INFO: Element Found Locator ://div[@class='checkbox']//label[@for='follow_sp']LocatorType :xpath
07/28/2023 04:25:44 PM - FangatePage - INFO: Element Found Locator :follow_spLocatorType :id
07/28/2023 04:25:44 PM - FangatePage - INFO: Clicked on the Element Locator ://div[@class='checkbox']//label[@for='follow_sp']LocatorType :xpath
07/28/2023 04:25:44 PM - FangatePage - INFO: Element Found Locator ://div[@class='checkbox']//label[@for='save_track_sp']LocatorType :xpath
07/28/2023 04:25:44 PM - FangatePage - INFO: Element Found Locator :save_track_spLocatorType :id
07/28/2023 04:25:44 PM - FangatePage - INFO: Clicked on the Element Locator ://div[@class='checkbox']//label[@for='save_track_sp']LocatorType :xpath
07/28/2023 04:25:44 PM - FangatePage - INFO: Element Found Locator ://div[@class='checkbox']//label[@for='skippable_sp']LocatorType :xpath
07/28/2023 04:25:44 PM - FangatePage - INFO: Element Found Locator :skippable_spLocatorType :id
07/28/2023 04:25:44 PM - FangatePage - INFO: Clicked on the Element Locator ://div[@class='checkbox']//label[@for='skippable_sp']LocatorType :xpath
07/28/2023 04:25:44 PM - FangatePage - INFO: Waiting for maximum :: 20 :: seconds for element to be clickable
07/28/2023 04:26:05 PM - FangatePage - INFO: Element not appeared on the web page
07/28/2023 04:26:05 PM - FangatePage - INFO: Element Found Locator :add_spotify_artistLocatorType :id
07/28/2023 04:26:05 PM - FangatePage - INFO: Send Keys Successfully Locator :add_spotify_artistLocatorType :id
07/28/2023 04:26:07 PM - FangatePage - INFO: Element Found Locator ://div[@id='add_spotify_loader'][contains(@class,'select-loading hide')]LocatorType :xpath
07/28/2023 04:26:07 PM - FangatePage - INFO: Element Found Locator ://div[@id='add_spotify_loader'][contains(@class,'select-loading hide')]LocatorType :xpath
07/28/2023 04:26:07 PM - FangatePage - INFO: Element Found Locator ://li[@data-userid='1D8jzmybTOgH82MsFsCxKf']LocatorType :xpath
07/28/2023 04:26:08 PM - FangatePage - INFO: Clicked on the Element Locator ://li[@data-userid='1D8jzmybTOgH82MsFsCxKf']LocatorType :xpath
07/28/2023 04:26:08 PM - FangatePage - INFO: Element Found Locator :add_spotify_trackLocatorType :id
07/28/2023 04:26:08 PM - FangatePage - INFO: Send Keys Successfully Locator :add_spotify_trackLocatorType :id
07/28/2023 04:26:11 PM - FangatePage - INFO: Element Found Locator :add_deezer_buttonLocatorType :id
07/28/2023 04:26:11 PM - FangatePage - INFO: Clicked on the Element Locator :add_deezer_buttonLocatorType :id
07/28/2023 04:26:11 PM - FangatePage - INFO: Element Found Locator ://div[@class='checkbox']//label[@for='follow_dz']LocatorType :xpath
07/28/2023 04:26:11 PM - FangatePage - INFO: Element Found Locator :follow_dzLocatorType :id
07/28/2023 04:26:11 PM - FangatePage - INFO: Clicked on the Element Locator ://div[@class='checkbox']//label[@for='follow_dz']LocatorType :xpath
07/28/2023 04:26:11 PM - FangatePage - INFO: Element Found Locator ://div[@class='checkbox']//label[@for='save_track_dz']LocatorType :xpath
07/28/2023 04:26:11 PM - FangatePage - INFO: Element Found Locator :save_track_dzLocatorType :id
07/28/2023 04:26:12 PM - FangatePage - INFO: Clicked on the Element Locator ://div[@class='checkbox']//label[@for='save_track_dz']LocatorType :xpath
07/28/2023 04:26:12 PM - FangatePage - INFO: Element Found Locator ://div[@class='checkbox']//label[@for='skippable_dz']LocatorType :xpath
07/28/2023 04:26:12 PM - FangatePage - INFO: Element Found Locator :skippable_dzLocatorType :id
07/28/2023 04:26:12 PM - FangatePage - INFO: Clicked on the Element Locator ://div[@class='checkbox']//label[@for='skippable_dz']LocatorType :xpath
07/28/2023 04:26:12 PM - FangatePage - INFO: Waiting for maximum :: 20 :: seconds for element to be clickable
07/28/2023 04:26:12 PM - FangatePage - INFO: Element appeared on the web page
07/28/2023 04:26:12 PM - FangatePage - INFO: Element Found Locator :add_deezer_artistLocatorType :id
07/28/2023 04:26:12 PM - FangatePage - INFO: Send Keys Successfully Locator :add_deezer_artistLocatorType :id
07/28/2023 04:26:14 PM - FangatePage - INFO: Element Found Locator ://div[@id='add_deezer_loader'][contains(@class,'select-loading hide')]LocatorType :xpath
07/28/2023 04:26:14 PM - FangatePage - INFO: Element Found Locator ://div[@id='add_deezer_loader'][contains(@class,'select-loading hide')]LocatorType :xpath
07/28/2023 04:26:14 PM - FangatePage - INFO: Element Found Locator ://li[@data-userid='310646845']LocatorType :xpath
07/28/2023 04:26:15 PM - FangatePage - INFO: Clicked on the Element Locator ://li[@data-userid='310646845']LocatorType :xpath
07/28/2023 04:26:15 PM - FangatePage - INFO: Element Found Locator :add_deezer_trackLocatorType :id
07/28/2023 04:26:15 PM - FangatePage - INFO: Send Keys Successfully Locator :add_deezer_trackLocatorType :id
07/28/2023 04:26:18 PM - FangatePage - INFO: Element Found Locator :add_mixcloud_buttonLocatorType :id
07/28/2023 04:26:18 PM - FangatePage - INFO: Clicked on the Element Locator :add_mixcloud_buttonLocatorType :id
07/28/2023 04:26:18 PM - FangatePage - INFO: Element Found Locator ://div[@class='checkbox']//label[@for='follow_mc']LocatorType :xpath
07/28/2023 04:26:18 PM - FangatePage - INFO: Element Found Locator :follow_mcLocatorType :id
07/28/2023 04:26:18 PM - FangatePage - INFO: Clicked on the Element Locator ://div[@class='checkbox']//label[@for='follow_mc']LocatorType :xpath
07/28/2023 04:26:18 PM - FangatePage - INFO: Element Found Locator ://div[@class='checkbox']//label[@for='repost_mc']LocatorType :xpath
07/28/2023 04:26:18 PM - FangatePage - INFO: Element Found Locator :repost_mcLocatorType :id
07/28/2023 04:26:19 PM - FangatePage - INFO: Clicked on the Element Locator ://div[@class='checkbox']//label[@for='repost_mc']LocatorType :xpath
07/28/2023 04:26:19 PM - FangatePage - INFO: Element Found Locator ://div[@class='checkbox']//label[@for='like_mc']LocatorType :xpath
07/28/2023 04:26:19 PM - FangatePage - INFO: Element Found Locator :like_mcLocatorType :id
07/28/2023 04:26:19 PM - FangatePage - INFO: Clicked on the Element Locator ://div[@class='checkbox']//label[@for='like_mc']LocatorType :xpath
07/28/2023 04:26:19 PM - FangatePage - INFO: Element Found Locator ://div[@class='checkbox']//label[@for='skippable_mc']LocatorType :xpath
07/28/2023 04:26:19 PM - FangatePage - INFO: Element Found Locator :skippable_mcLocatorType :id
07/28/2023 04:26:19 PM - FangatePage - INFO: Clicked on the Element Locator ://div[@class='checkbox']//label[@for='skippable_mc']LocatorType :xpath
07/28/2023 04:26:19 PM - FangatePage - INFO: Waiting for maximum :: 20 :: seconds for element to be clickable
07/28/2023 04:26:19 PM - FangatePage - INFO: Element appeared on the web page
07/28/2023 04:26:19 PM - FangatePage - INFO: Element Found Locator :add_mixcloud_artistLocatorType :id
07/28/2023 04:26:19 PM - FangatePage - INFO: Send Keys Successfully Locator :add_mixcloud_artistLocatorType :id
07/28/2023 04:26:21 PM - FangatePage - INFO: Element Found Locator ://div[@id='add_mixcloud_loader'][contains(@class,'select-loading hide')]LocatorType :xpath
07/28/2023 04:26:21 PM - FangatePage - INFO: Element Found Locator ://div[@id='add_mixcloud_loader'][contains(@class,'select-loading hide')]LocatorType :xpath
07/28/2023 04:26:21 PM - FangatePage - INFO: Element Found Locator ://li[@data-userid='latae-korakoth']LocatorType :xpath
07/28/2023 04:26:22 PM - FangatePage - INFO: Clicked on the Element Locator ://li[@data-userid='latae-korakoth']LocatorType :xpath
07/28/2023 04:26:22 PM - FangatePage - INFO: Element Found Locator :add_mixcloud_trackLocatorType :id
07/28/2023 04:26:22 PM - FangatePage - INFO: Send Keys Successfully Locator :add_mixcloud_trackLocatorType :id
07/28/2023 04:26:25 PM - FangatePage - INFO: Element Found Locator :add_twitter_buttonLocatorType :id
07/28/2023 04:26:25 PM - FangatePage - INFO: Clicked on the Element Locator :add_twitter_buttonLocatorType :id
07/28/2023 04:26:25 PM - FangatePage - INFO: Element Found Locator ://div[@class='checkbox']//label[@for='follow_tw']LocatorType :xpath
07/28/2023 04:26:25 PM - FangatePage - INFO: Element Found Locator :follow_twLocatorType :id
07/28/2023 04:26:26 PM - FangatePage - INFO: Clicked on the Element Locator ://div[@class='checkbox']//label[@for='follow_tw']LocatorType :xpath
07/28/2023 04:26:26 PM - FangatePage - INFO: Element Found Locator ://div[@class='checkbox']//label[@for='share_tw']LocatorType :xpath
07/28/2023 04:26:26 PM - FangatePage - INFO: Element Found Locator :share_twLocatorType :id
07/28/2023 04:26:26 PM - FangatePage - INFO: Clicked on the Element Locator ://div[@class='checkbox']//label[@for='share_tw']LocatorType :xpath
07/28/2023 04:26:26 PM - FangatePage - INFO: Element Found Locator ://div[@class='checkbox']//label[@for='skippable_tw']LocatorType :xpath
07/28/2023 04:26:26 PM - FangatePage - INFO: Element Found Locator :skippable_twLocatorType :id
07/28/2023 04:26:26 PM - FangatePage - INFO: Clicked on the Element Locator ://div[@class='checkbox']//label[@for='skippable_tw']LocatorType :xpath
07/28/2023 04:26:26 PM - FangatePage - INFO: Element Found Locator :add_twitterLocatorType :id
07/28/2023 04:26:26 PM - FangatePage - INFO: Send Keys Successfully Locator :add_twitterLocatorType :id
07/28/2023 04:26:29 PM - FangatePage - INFO: Element Found Locator :add_twitch_buttonLocatorType :id
07/28/2023 04:26:29 PM - FangatePage - INFO: Clicked on the Element Locator :add_twitch_buttonLocatorType :id
07/28/2023 04:26:29 PM - FangatePage - INFO: Element Found Locator ://div[@class='checkbox']//label[@for='follow_th']LocatorType :xpath
07/28/2023 04:26:29 PM - FangatePage - INFO: Element Found Locator :follow_thLocatorType :id
07/28/2023 04:26:30 PM - FangatePage - INFO: Clicked on the Element Locator ://div[@class='checkbox']//label[@for='follow_th']LocatorType :xpath
07/28/2023 04:26:30 PM - FangatePage - INFO: Element Found Locator ://div[@class='checkbox']//label[@for='subscribe_th']LocatorType :xpath
07/28/2023 04:26:30 PM - FangatePage - INFO: Element Found Locator :subscribe_thLocatorType :id
07/28/2023 04:26:30 PM - FangatePage - INFO: Clicked on the Element Locator ://div[@class='checkbox']//label[@for='subscribe_th']LocatorType :xpath
07/28/2023 04:26:30 PM - FangatePage - INFO: Element Found Locator ://div[@class='checkbox']//label[@for='skippable_th']LocatorType :xpath
07/28/2023 04:26:30 PM - FangatePage - INFO: Element Found Locator :skippable_thLocatorType :id
07/28/2023 04:26:30 PM - FangatePage - INFO: Clicked on the Element Locator ://div[@class='checkbox']//label[@for='skippable_th']LocatorType :xpath
07/28/2023 04:26:30 PM - FangatePage - INFO: Element Found Locator :add_twitch_artistLocatorType :id
07/28/2023 04:26:30 PM - FangatePage - INFO: Send Keys Successfully Locator :add_twitch_artistLocatorType :id
07/28/2023 04:26:33 PM - FangatePage - INFO: Element Found Locator :add_facebook_msgr_buttonLocatorType :id
07/28/2023 04:26:33 PM - FangatePage - INFO: Clicked on the Element Locator :add_facebook_msgr_buttonLocatorType :id
07/28/2023 04:26:33 PM - FangatePage - INFO: Element Found Locator ://div[@class='checkbox']//label[@for='subscribe_fb_msgr']LocatorType :xpath
07/28/2023 04:26:34 PM - FangatePage - INFO: Element Found Locator :subscribe_fb_msgrLocatorType :id
07/28/2023 04:26:34 PM - FangatePage - INFO: Clicked on the Element Locator ://div[@class='checkbox']//label[@for='subscribe_fb_msgr']LocatorType :xpath
07/28/2023 04:26:34 PM - FangatePage - INFO: Element Found Locator ://div[@class='checkbox']//label[@for='skippable_fb_msgr']LocatorType :xpath
07/28/2023 04:26:34 PM - FangatePage - INFO: Element Found Locator :skippable_fb_msgrLocatorType :id
07/28/2023 04:26:34 PM - FangatePage - INFO: Clicked on the Element Locator ://div[@class='checkbox']//label[@for='skippable_fb_msgr']LocatorType :xpath
07/28/2023 04:26:36 PM - FangatePage - INFO: Element Found Locator ://button[@class='btn dropdown-toggle btn-default']//span[text()='No chatbot selected']LocatorType :xpath
07/28/2023 04:26:36 PM - FangatePage - INFO: Clicked on the Element Locator ://button[@class='btn dropdown-toggle btn-default']//span[text()='No chatbot selected']LocatorType :xpath
07/28/2023 04:26:39 PM - FangatePage - INFO: Element Found Locator ://div[@class='dropdown-menu open']//span[text()='ManyChat']LocatorType :xpath
07/28/2023 04:26:40 PM - FangatePage - INFO: Clicked on the Element Locator ://div[@class='dropdown-menu open']//span[text()='ManyChat']LocatorType :xpath
07/28/2023 04:26:40 PM - FangatePage - INFO: Element Found Locator :add_facebook_msgrLocatorType :id
07/28/2023 04:26:40 PM - FangatePage - INFO: Send Keys Successfully Locator :add_facebook_msgrLocatorType :id
07/28/2023 04:26:43 PM - FangatePage - INFO: Element Found Locator :add_instagram_buttonLocatorType :id
07/28/2023 04:26:43 PM - FangatePage - INFO: Clicked on the Element Locator :add_instagram_buttonLocatorType :id
07/28/2023 04:26:43 PM - FangatePage - INFO: Element Found Locator ://div[@class='checkbox']//label[@for='follow_ig']LocatorType :xpath
07/28/2023 04:26:43 PM - FangatePage - INFO: Element Found Locator :follow_igLocatorType :id
07/28/2023 04:26:43 PM - FangatePage - INFO: Clicked on the Element Locator ://div[@class='checkbox']//label[@for='follow_ig']LocatorType :xpath
07/28/2023 04:26:43 PM - FangatePage - INFO: Element Found Locator ://div[@class='checkbox']//label[@for='skippable_ig']LocatorType :xpath
07/28/2023 04:26:43 PM - FangatePage - INFO: Element Found Locator :skippable_igLocatorType :id
07/28/2023 04:26:43 PM - FangatePage - INFO: Clicked on the Element Locator ://div[@class='checkbox']//label[@for='skippable_ig']LocatorType :xpath
07/28/2023 04:26:44 PM - FangatePage - INFO: Element Found Locator :add_instagramLocatorType :id
07/28/2023 04:26:44 PM - FangatePage - INFO: Send Keys Successfully Locator :add_instagramLocatorType :id
07/28/2023 04:26:47 PM - FangatePage - INFO: Element Found Locator :add_tiktok_buttonLocatorType :id
07/28/2023 04:26:47 PM - FangatePage - INFO: Clicked on the Element Locator :add_tiktok_buttonLocatorType :id
07/28/2023 04:26:47 PM - FangatePage - INFO: Element Found Locator ://div[@class='checkbox']//label[@for='follow_tk']LocatorType :xpath
07/28/2023 04:26:47 PM - FangatePage - INFO: Element Found Locator :follow_tkLocatorType :id
07/28/2023 04:26:47 PM - FangatePage - INFO: Clicked on the Element Locator ://div[@class='checkbox']//label[@for='follow_tk']LocatorType :xpath
07/28/2023 04:26:47 PM - FangatePage - INFO: Element Found Locator ://div[@class='checkbox']//label[@for='skippable_tk']LocatorType :xpath
07/28/2023 04:26:47 PM - FangatePage - INFO: Element Found Locator :skippable_tkLocatorType :id
07/28/2023 04:26:47 PM - FangatePage - INFO: Clicked on the Element Locator ://div[@class='checkbox']//label[@for='skippable_tk']LocatorType :xpath
07/28/2023 04:26:47 PM - FangatePage - INFO: Element Found Locator :add_tiktokLocatorType :id
07/28/2023 04:26:47 PM - FangatePage - INFO: Send Keys Successfully Locator :add_tiktokLocatorType :id
07/28/2023 04:26:50 PM - FangatePage - INFO: Element Found Locator :add_bandcamp_buttonLocatorType :id
07/28/2023 04:26:51 PM - FangatePage - INFO: Clicked on the Element Locator :add_bandcamp_buttonLocatorType :id
07/28/2023 04:26:51 PM - FangatePage - INFO: Element Found Locator ://div[@class='checkbox']//label[@for='follow_bc']LocatorType :xpath
07/28/2023 04:26:51 PM - FangatePage - INFO: Element Found Locator :follow_bcLocatorType :id
07/28/2023 04:26:51 PM - FangatePage - INFO: Clicked on the Element Locator ://div[@class='checkbox']//label[@for='follow_bc']LocatorType :xpath
07/28/2023 04:26:51 PM - FangatePage - INFO: Element Found Locator ://div[@class='checkbox']//label[@for='skippable_bc']LocatorType :xpath
07/28/2023 04:26:51 PM - FangatePage - INFO: Element Found Locator :skippable_bcLocatorType :id
07/28/2023 04:26:51 PM - FangatePage - INFO: Clicked on the Element Locator ://div[@class='checkbox']//label[@for='skippable_bc']LocatorType :xpath
07/28/2023 04:26:51 PM - FangatePage - INFO: Element Found Locator :add_bandcampLocatorType :id
07/28/2023 04:26:51 PM - FangatePage - INFO: Send Keys Successfully Locator :add_bandcampLocatorType :id
07/28/2023 04:26:54 PM - FangatePage - INFO: Element Found Locator :add_facebook_buttonLocatorType :id
07/28/2023 04:26:55 PM - FangatePage - INFO: Clicked on the Element Locator :add_facebook_buttonLocatorType :id
07/28/2023 04:26:55 PM - FangatePage - INFO: Element Found Locator ://div[@class='checkbox']//label[@for='share_fb']LocatorType :xpath
07/28/2023 04:26:55 PM - FangatePage - INFO: Element Found Locator :share_fbLocatorType :id
07/28/2023 04:26:55 PM - FangatePage - INFO: Clicked on the Element Locator ://div[@class='checkbox']//label[@for='share_fb']LocatorType :xpath
07/28/2023 04:26:55 PM - FangatePage - INFO: Element Found Locator ://div[@class='checkbox']//label[@for='like_fb']LocatorType :xpath
07/28/2023 04:26:55 PM - FangatePage - INFO: Element Found Locator :like_fbLocatorType :id
07/28/2023 04:26:55 PM - FangatePage - INFO: Clicked on the Element Locator ://div[@class='checkbox']//label[@for='like_fb']LocatorType :xpath
07/28/2023 04:26:55 PM - FangatePage - INFO: Element Found Locator ://div[@class='checkbox']//label[@for='skippable_fb']LocatorType :xpath
07/28/2023 04:26:55 PM - FangatePage - INFO: Element Found Locator :skippable_fbLocatorType :id
07/28/2023 04:26:56 PM - FangatePage - INFO: Clicked on the Element Locator ://div[@class='checkbox']//label[@for='skippable_fb']LocatorType :xpath
07/28/2023 04:26:56 PM - FangatePage - INFO: Waiting for maximum :: 20 :: seconds for element to be clickable
07/28/2023 04:26:56 PM - FangatePage - INFO: Element appeared on the web page
07/28/2023 04:26:56 PM - FangatePage - INFO: Element Found Locator :add_facebookLocatorType :id
07/28/2023 04:26:56 PM - FangatePage - INFO: Send Keys Successfully Locator :add_facebookLocatorType :id
07/28/2023 04:26:56 PM - FangatePage - INFO: Waiting for maximum :: 20 :: seconds for element to be clickable
07/28/2023 04:26:59 PM - FangatePage - INFO: Element appeared on the web page
07/28/2023 04:26:59 PM - FangatePage - INFO: Element Found Locator ://ul[@id='facebook_artist_search']//li[@data-userid='904258603054194']LocatorType :xpath
07/28/2023 04:27:00 PM - FangatePage - INFO: Clicked on the Element Locator ://ul[@id='facebook_artist_search']//li[@data-userid='904258603054194']LocatorType :xpath
07/28/2023 04:27:03 PM - FangatePage - INFO: Element Found Locator :add_donation_buttonLocatorType :id
07/28/2023 04:27:03 PM - FangatePage - INFO: Clicked on the Element Locator :add_donation_buttonLocatorType :id
07/28/2023 04:27:03 PM - FangatePage - INFO: Element Found Locator :donation_idLocatorType :id
07/28/2023 04:27:03 PM - FangatePage - INFO: Send Keys Successfully Locator :donation_idLocatorType :id
07/28/2023 04:27:03 PM - FangatePage - INFO: Element Found Locator :next_box_button_gate-stepsLocatorType :id
07/28/2023 04:27:04 PM - FangatePage - INFO: Clicked on the Element Locator :next_box_button_gate-stepsLocatorType :id
07/28/2023 04:27:05 PM - FangatePage - INFO: Element Found Locator :next_box_button_gate-stepsLocatorType :id
07/28/2023 04:27:05 PM - FangatePage - INFO: Cannot clicked on the Element Locator :next_box_button_gate-stepsLocatorType :id
07/28/2023 04:27:07 PM - FangatePage - INFO: Waiting for maximum :: 20 :: seconds for element to be clickable
07/28/2023 04:27:07 PM - FangatePage - INFO: Element appeared on the web page
07/28/2023 04:27:07 PM - FangatePage - INFO: Element Found Locator :next_box_button_linkurlLocatorType :id
07/28/2023 04:27:07 PM - FangatePage - INFO: Cannot clicked on the Element Locator :next_box_button_linkurlLocatorType :id
07/28/2023 04:27:10 PM - FangatePage - INFO: Element Found Locator ://div[@class='checkbox']//label[@for='set_newrelease']LocatorType :xpath
07/28/2023 04:27:10 PM - FangatePage - INFO: Cannot clicked on the Element Locator ://div[@class='checkbox']//label[@for='set_newrelease']LocatorType :xpath
07/28/2023 04:27:11 PM - FangatePage - INFO: Element Found Locator :next_box_button_newreleaseLocatorType :id
07/28/2023 04:27:11 PM - FangatePage - INFO: Cannot clicked on the Element Locator :next_box_button_newreleaseLocatorType :id
07/28/2023 04:27:13 PM - FangatePage - INFO: Element Found Locator ://button[@class='btn dropdown-toggle btn-default']//span[text()='Please select music']LocatorType :xpath
07/28/2023 04:27:13 PM - FangatePage - INFO: Cannot clicked on the Element Locator ://button[@class='btn dropdown-toggle btn-default']//span[text()='Please select music']LocatorType :xpath
07/28/2023 04:27:14 PM - FangatePage - INFO: Element Found Locator ://div[@class='dropdown-menu open']//span[text()='Automatically email my newest download gate']LocatorType :xpath
07/28/2023 04:27:14 PM - FangatePage - INFO: Cannot clicked on the Element Locator ://div[@class='dropdown-menu open']//span[text()='Automatically email my newest download gate']LocatorType :xpath
07/28/2023 04:27:15 PM - FangatePage - INFO: Element Found Locator :next_box_button_email-promotionLocatorType :id
07/28/2023 04:27:15 PM - FangatePage - INFO: Cannot clicked on the Element Locator :next_box_button_email-promotionLocatorType :id
07/28/2023 04:27:15 PM - FangatePage - INFO: Element Found Locator :facebook_pixelLocatorType :id
07/28/2023 04:27:15 PM - FangatePage - INFO: Not Wirte to the Element Locator :facebook_pixelLocatorType :id
07/28/2023 04:27:16 PM - FangatePage - INFO: Element Found Locator :facebook_pixel_tokenLocatorType :id
07/28/2023 04:27:16 PM - FangatePage - INFO: Not Wirte to the Element Locator :facebook_pixel_tokenLocatorType :id
07/28/2023 04:27:31 PM - FangatePage - INFO: Element Found Locator :next_box_button_pixelLocatorType :id
07/28/2023 04:27:31 PM - FangatePage - INFO: Cannot clicked on the Element Locator :next_box_button_pixelLocatorType :id
07/28/2023 04:27:33 PM - FangatePage - INFO: Element Found Locator :next_box_button_confirmationLocatorType :id
07/28/2023 04:27:33 PM - FangatePage - INFO: Cannot clicked on the Element Locator :next_box_button_confirmationLocatorType :id
